<?xml version="1.0" encoding="UTF-8"?><testsuite name="nosetests" tests="5" errors="0" failures="0" skip="0"><testcase classname="xiezhi.orm.tests.test_config" name="test_objectnotdicterror" time="0.000"></testcase><testcase classname="xiezhi.orm.tests.test_config" name="test_dictasclass" time="0.000"></testcase><testcase classname="xiezhi.orm.tests.test_config" name="test_Config" time="0.004"></testcase><testcase classname="xiezhi.orm.tests.test_database" name="test_DBSession" time="0.002"></testcase><testcase classname="xiezhi.orm.tests.test_database" name="test_DBBase_eq" time="0.009"></testcase></testsuite>